2023-11-17 14:15:35,723 INFO  org.apache.flink.client.cli.CliFrontend                      [] - --------------------------------------------------------------------------------
2023-11-17 14:15:35,732 INFO  org.apache.flink.client.cli.CliFrontend                      [] -  Starting Command Line Client (Version: 1.17.1, Scala: 2.12, Rev:2750d5c, Date:2023-05-19T10:45:46+02:00)
2023-11-17 14:15:35,732 INFO  org.apache.flink.client.cli.CliFrontend                      [] -  OS current user: root
2023-11-17 14:15:36,225 INFO  org.apache.flink.client.cli.CliFrontend                      [] -  Current Hadoop/Kerberos user: root
2023-11-17 14:15:36,225 INFO  org.apache.flink.client.cli.CliFrontend                      [] -  JVM: Java HotSpot(TM) 64-Bit Server VM - Oracle Corporation - 1.8/25.371-b11
2023-11-17 14:15:36,226 INFO  org.apache.flink.client.cli.CliFrontend                      [] -  Arch: aarch64
2023-11-17 14:15:36,226 INFO  org.apache.flink.client.cli.CliFrontend                      [] -  Maximum heap size: 3356 MiBytes
2023-11-17 14:15:36,226 INFO  org.apache.flink.client.cli.CliFrontend                      [] -  JAVA_HOME: /opt/jdk1.8.0_371
2023-11-17 14:15:36,232 INFO  org.apache.flink.client.cli.CliFrontend                      [] -  Hadoop version: 3.1.0
2023-11-17 14:15:36,232 INFO  org.apache.flink.client.cli.CliFrontend                      [] -  JVM Options:
2023-11-17 14:15:36,232 INFO  org.apache.flink.client.cli.CliFrontend                      [] -     -agentlib:jdwp=transport=dt_socket,server=y,suspend=y,address=9567
2023-11-17 14:15:36,232 INFO  org.apache.flink.client.cli.CliFrontend                      [] -     -Dlog.file=/data/zzl/flink-1.17.1/log/flink-root-client-host109.log
2023-11-17 14:15:36,232 INFO  org.apache.flink.client.cli.CliFrontend                      [] -     -Dlog4j.configuration=file:/data/zzl/flink-1.17.1/conf/log4j-cli.properties
2023-11-17 14:15:36,233 INFO  org.apache.flink.client.cli.CliFrontend                      [] -     -Dlog4j.configurationFile=file:/data/zzl/flink-1.17.1/conf/log4j-cli.properties
2023-11-17 14:15:36,233 INFO  org.apache.flink.client.cli.CliFrontend                      [] -     -Dlogback.configurationFile=file:/data/zzl/flink-1.17.1/conf/logback.xml
2023-11-17 14:15:36,233 INFO  org.apache.flink.client.cli.CliFrontend                      [] -  Program Arguments:
2023-11-17 14:15:36,236 INFO  org.apache.flink.client.cli.CliFrontend                      [] -     run-application
2023-11-17 14:15:36,236 INFO  org.apache.flink.client.cli.CliFrontend                      [] -     -t
2023-11-17 14:15:36,236 INFO  org.apache.flink.client.cli.CliFrontend                      [] -     yarn-application
2023-11-17 14:15:36,236 INFO  org.apache.flink.client.cli.CliFrontend                      [] -     -D
2023-11-17 14:15:36,236 INFO  org.apache.flink.client.cli.CliFrontend                      [] -     flink.yarn.yarn.resourcemanager.address=host109:50056
2023-11-17 14:15:36,236 INFO  org.apache.flink.client.cli.CliFrontend                      [] -     -D
2023-11-17 14:15:36,236 INFO  org.apache.flink.client.cli.CliFrontend                      [] -     flink.yarn.yarn.resourcemanager.scheduler.address=host109:50057
2023-11-17 14:15:36,237 INFO  org.apache.flink.client.cli.CliFrontend                      [] -     -D
2023-11-17 14:15:36,237 INFO  org.apache.flink.client.cli.CliFrontend                      [] -     yarn.provided.lib.dirs=s3a://hadoop/user/root/.flink/lib;s3a://hadoop/user/root/.flink/plugins
2023-11-17 14:15:36,237 INFO  org.apache.flink.client.cli.CliFrontend                      [] -     -c
2023-11-17 14:15:36,237 INFO  org.apache.flink.client.cli.CliFrontend                      [] -     maintest.EmqTdengineTest
2023-11-17 14:15:36,237 INFO  org.apache.flink.client.cli.CliFrontend                      [] -     /data/zzl/demo/cetc-flink-demo.jar
2023-11-17 14:15:36,237 INFO  org.apache.flink.client.cli.CliFrontend                      [] -     tdengineEmqSum
2023-11-17 14:15:36,237 INFO  org.apache.flink.client.cli.CliFrontend                      [] -  Classpath: /data/zzl/flink-1.17.1/lib/aws-java-sdk-bundle-1.11.271.jar:/data/zzl/flink-1.17.1/lib/c3p0-0.9.5.2.jar:/data/zzl/flink-1.17.1/lib/cetc-flink-plus.jar:/data/zzl/flink-1.17.1/lib/cetc-sql-build.jar:/data/zzl/flink-1.17.1/lib/checker-qual-3.8.0.jar:/data/zzl/flink-1.17.1/lib/commons-codec-1.11.jar:/data/zzl/flink-1.17.1/lib/commons-logging-1.2.jar:/data/zzl/flink-1.17.1/lib/druid-1.2.13.jar:/data/zzl/flink-1.17.1/lib/error_prone_annotations-2.5.1.jar:/data/zzl/flink-1.17.1/lib/failureaccess-1.0.1.jar:/data/zzl/flink-1.17.1/lib/fastjson-1.2.79.jar:/data/zzl/flink-1.17.1/lib/flink-cep-1.17.1.jar:/data/zzl/flink-1.17.1/lib/flink-connector-base-1.17.1.jar:/data/zzl/flink-1.17.1/lib/flink-connector-files-1.17.1.jar:/data/zzl/flink-1.17.1/lib/flink-connector-jdbc-3.1.0-1.17.jar:/data/zzl/flink-1.17.1/lib/flink-csv-1.17.1.jar:/data/zzl/flink-1.17.1/lib/flink-json-1.17.1.jar:/data/zzl/flink-1.17.1/lib/flink-scala_2.12-1.17.1.jar:/data/zzl/flink-1.17.1/lib/flink-table-api-java-uber-1.17.1.jar:/data/zzl/flink-1.17.1/lib/flink-table-common-1.17.1.jar:/data/zzl/flink-1.17.1/lib/flink-table-planner-loader-1.17.1.jar:/data/zzl/flink-1.17.1/lib/flink-table-runtime-1.17.1.jar:/data/zzl/flink-1.17.1/lib/guava-30.1.1-jre.jar:/data/zzl/flink-1.17.1/lib/hadoop-aws-3.1.0.jar:/data/zzl/flink-1.17.1/lib/HikariCP-4.0.3.jar:/data/zzl/flink-1.17.1/lib/httpclient-4.5.13.jar:/data/zzl/flink-1.17.1/lib/httpcore-4.4.13.jar:/data/zzl/flink-1.17.1/lib/j2objc-annotations-1.3.jar:/data/zzl/flink-1.17.1/lib/Java-WebSocket-1.5.2.jar:/data/zzl/flink-1.17.1/lib/kk/flink-rpc-akka.jar:/data/zzl/flink-1.17.1/lib/listenablefuture-9999.0-empty-to-avoid-conflict-with-guava.jar:/data/zzl/flink-1.17.1/lib/log4j-1.2-api-2.17.1.jar:/data/zzl/flink-1.17.1/lib/log4j-api-2.17.1.jar:/data/zzl/flink-1.17.1/lib/log4j-core-2.17.1.jar:/data/zzl/flink-1.17.1/lib/log4j-slf4j-impl-2.17.1.jar:/data/zzl/flink-1.17.1/lib/mchange-commons-java-0.2.11.jar:/data/zzl/flink-1.17.1/lib/org.eclipse.paho.client.mqttv3-1.2.2.jar:/data/zzl/flink-1.17.1/lib/taos-jdbcdriver-2.0.38.jar:/data/zzl/flink-1.17.1/lib/flink-dist-1.17.1.jar:/data/zzl/hadoop/etc/hadoop:/data/zzl/hadoop/share/hadoop/common/lib/httpcore-4.4.4.jar:/data/zzl/hadoop/share/hadoop/common/lib/jetty-util-9.3.19.v20170502.jar:/data/zzl/hadoop/share/hadoop/common/lib/jackson-core-2.7.8.jar:/data/zzl/hadoop/share/hadoop/common/lib/mockito-all-1.8.5.jar:/data/zzl/hadoop/share/hadoop/common/lib/kerb-core-1.0.1.jar:/data/zzl/hadoop/share/hadoop/common/lib/kerb-crypto-1.0.1.jar:/data/zzl/hadoop/share/hadoop/common/lib/accessors-smart-1.2.jar:/data/zzl/hadoop/share/hadoop/common/lib/stax2-api-3.1.4.jar:/data/zzl/hadoop/share/hadoop/common/lib/kerb-simplekdc-1.0.1.jar:/data/zzl/hadoop/share/hadoop/common/lib/kerby-asn1-1.0.1.jar:/data/zzl/hadoop/share/hadoop/common/lib/jersey-server-1.19.jar:/data/zzl/hadoop/share/hadoop/common/lib/guava-11.0.2.jar:/data/zzl/hadoop/share/hadoop/common/lib/jetty-servlet-9.3.19.v20170502.jar:/data/zzl/hadoop/share/hadoop/common/lib/commons-lang-2.6.jar:/data/zzl/hadoop/share/hadoop/common/lib/httpclient-4.5.2.jar:/data/zzl/hadoop/share/hadoop/common/lib/jaxb-impl-2.2.3-1.jar:/data/zzl/hadoop/share/hadoop/common/lib/jsch-0.1.54.jar:/data/zzl/hadoop/share/hadoop/common/lib/jackson-mapper-asl-1.9.13.jar:/data/zzl/hadoop/share/hadoop/common/lib/commons-cli-1.2.jar:/data/zzl/hadoop/share/hadoop/common/lib/commons-io-2.5.jar:/data/zzl/hadoop/share/hadoop/common/lib/kerb-identity-1.0.1.jar:/data/zzl/hadoop/share/hadoop/common/lib/xz-1.0.jar:/data/zzl/hadoop/share/hadoop/common/lib/slf4j-log4j12-1.7.25.jar:/data/zzl/hadoop/share/hadoop/common/lib/kerb-server-1.0.1.jar:/data/zzl/hadoop/share/hadoop/common/lib/kerby-config-1.0.1.jar:/data/zzl/hadoop/share/hadoop/common/lib/avro-1.7.7.jar:/data/zzl/hadoop/share/hadoop/common/lib/commons-math3-3.1.1.jar:/data/zzl/hadoop/share/hadoop/common/lib/javax.servlet-api-3.1.0.jar:/data/zzl/hadoop/share/hadoop/common/lib/log4j-1.2.17.jar:/data/zzl/hadoop/share/hadoop/common/lib/jackson-annotations-2.7.8.jar:/data/zzl/hadoop/share/hadoop/common/lib/jetty-io-9.3.19.v20170502.jar:/data/zzl/hadoop/share/hadoop/common/lib/paranamer-2.3.jar:/data/zzl/hadoop/share/hadoop/common/lib/junit-4.11.jar:/data/zzl/hadoop/share/hadoop/common/lib/jetty-xml-9.3.19.v20170502.jar:/data/zzl/hadoop/share/hadoop/common/lib/jetty-http-9.3.19.v20170502.jar:/data/zzl/hadoop/share/hadoop/common/lib/jettison-1.1.jar:/data/zzl/hadoop/share/hadoop/common/lib/hadoop-auth-3.1.0.jar:/data/zzl/hadoop/share/hadoop/common/lib/commons-beanutils-1.9.3.jar:/data/zzl/hadoop/share/hadoop/common/lib/jsr305-3.0.0.jar:/data/zzl/hadoop/share/hadoop/common/lib/jetty-server-9.3.19.v20170502.jar:/data/zzl/hadoop/share/hadoop/common/lib/token-provider-1.0.1.jar:/data/zzl/hadoop/share/hadoop/common/lib/kerb-common-1.0.1.jar:/data/zzl/hadoop/share/hadoop/common/lib/commons-compress-1.4.1.jar:/data/zzl/hadoop/share/hadoop/common/lib/commons-configuration2-2.1.1.jar:/data/zzl/hadoop/share/hadoop/common/lib/curator-recipes-2.12.0.jar:/data/zzl/hadoop/share/hadoop/common/lib/jackson-jaxrs-1.9.13.jar:/data/zzl/hadoop/share/hadoop/common/lib/jetty-webapp-9.3.19.v20170502.jar:/data/zzl/hadoop/share/hadoop/common/lib/jackson-xc-1.9.13.jar:/data/zzl/hadoop/share/hadoop/common/lib/jackson-core-asl-1.9.13.jar:/data/zzl/hadoop/share/hadoop/common/lib/curator-client-2.12.0.jar:/data/zzl/hadoop/share/hadoop/common/lib/curator-framework-2.12.0.jar:/data/zzl/hadoop/share/hadoop/common/lib/jetty-security-9.3.19.v20170502.jar:/data/zzl/hadoop/share/hadoop/common/lib/zookeeper-3.4.9.jar:/data/zzl/hadoop/share/hadoop/common/lib/commons-net-3.6.jar:/data/zzl/hadoop/share/hadoop/common/lib/woodstox-core-5.0.3.jar:/data/zzl/hadoop/share/hadoop/common/lib/jersey-json-1.19.jar:/data/zzl/hadoop/share/hadoop/common/lib/hadoop-annotations-3.1.0.jar:/data/zzl/hadoop/share/hadoop/common/lib/gson-2.2.4.jar:/data/zzl/hadoop/share/hadoop/common/lib/htrace-core4-4.1.0-incubating.jar:/data/zzl/hadoop/share/hadoop/common/lib/snappy-java-1.0.5.jar:/data/zzl/hadoop/share/hadoop/common/lib/slf4j-api-1.7.25.jar:/data/zzl/hadoop/share/hadoop/common/lib/json-smart-2.3.jar:/data/zzl/hadoop/share/hadoop/common/lib/netty-3.10.5.Final.jar:/data/zzl/hadoop/share/hadoop/common/lib/asm-5.0.4.jar:/data/zzl/hadoop/share/hadoop/common/lib/commons-collections-3.2.2.jar:/data/zzl/hadoop/share/hadoop/common/lib/jersey-core-1.19.jar:/data/zzl/hadoop/share/hadoop/common/lib/jersey-servlet-1.19.jar:/data/zzl/hadoop/share/hadoop/common/lib/kerb-util-1.0.1.jar:/data/zzl/hadoop/share/hadoop/common/lib/kerby-pkix-1.0.1.jar:/data/zzl/hadoop/share/hadoop/common/lib/jsr311-api-1.1.1.jar:/data/zzl/hadoop/share/hadoop/common/lib/nimbus-jose-jwt-4.41.1.jar:/data/zzl/hadoop/share/hadoop/common/lib/kerb-client-1.0.1.jar:/data/zzl/hadoop/share/hadoop/common/lib/kerb-admin-1.0.1.jar:/data/zzl/hadoop/share/hadoop/common/lib/commons-codec-1.11.jar:/data/zzl/hadoop/share/hadoop/common/lib/re2j-1.1.jar:/data/zzl/hadoop/share/hadoop/common/lib/commons-logging-1.1.3.jar:/data/zzl/hadoop/share/hadoop/common/lib/kerby-xdr-1.0.1.jar:/data/zzl/hadoop/share/hadoop/common/lib/metrics-core-3.2.4.jar:/data/zzl/hadoop/share/hadoop/common/lib/jcip-annotations-1.0-1.jar:/data/zzl/hadoop/share/hadoop/common/lib/jackson-databind-2.7.8.jar:/data/zzl/hadoop/share/hadoop/common/lib/hamcrest-core-1.3.jar:/data/zzl/hadoop/share/hadoop/common/lib/kerby-util-1.0.1.jar:/data/zzl/hadoop/share/hadoop/common/lib/jsp-api-2.1.jar:/data/zzl/hadoop/share/hadoop/common/lib/jul-to-slf4j-1.7.25.jar:/data/zzl/hadoop/share/hadoop/common/lib/protobuf-java-2.5.0.jar:/data/zzl/hadoop/share/hadoop/common/lib/jaxb-api-2.2.11.jar:/data/zzl/hadoop/share/hadoop/common/lib/commons-lang3-3.4.jar:/data/zzl/hadoop/share/hadoop/common/lib/aws-java-sdk-bundle-1.11.271.jar:/data/zzl/hadoop/share/hadoop/common/lib/hadoop-aws-3.1.0.jar:/data/zzl/hadoop/share/hadoop/common/hadoop-common-3.1.0-tests.jar:/data/zzl/hadoop/share/hadoop/common/hadoop-kms-3.1.0.jar:/data/zzl/hadoop/share/hadoop/common/hadoop-common-3.1.0.jar:/data/zzl/hadoop/share/hadoop/common/hadoop-nfs-3.1.0.jar:/data/zzl/hadoop/share/hadoop/hdfs:/data/zzl/hadoop/share/hadoop/hdfs/lib/httpcore-4.4.4.jar:/data/zzl/hadoop/share/hadoop/hdfs/lib/jetty-util-9.3.19.v20170502.jar:/data/zzl/hadoop/share/hadoop/hdfs/lib/jackson-core-2.7.8.jar:/data/zzl/hadoop/share/hadoop/hdfs/lib/kerb-core-1.0.1.jar:/data/zzl/hadoop/share/hadoop/hdfs/lib/json-simple-1.1.1.jar:/data/zzl/hadoop/share/hadoop/hdfs/lib/kerb-crypto-1.0.1.jar:/data/zzl/hadoop/share/hadoop/hdfs/lib/accessors-smart-1.2.jar:/data/zzl/hadoop/share/hadoop/hdfs/lib/stax2-api-3.1.4.jar:/data/zzl/hadoop/share/hadoop/hdfs/lib/kerb-simplekdc-1.0.1.jar:/data/zzl/hadoop/share/hadoop/hdfs/lib/kerby-asn1-1.0.1.jar:/data/zzl/hadoop/share/hadoop/hdfs/lib/jersey-server-1.19.jar:/data/zzl/hadoop/share/hadoop/hdfs/lib/guava-11.0.2.jar:/data/zzl/hadoop/share/hadoop/hdfs/lib/jetty-servlet-9.3.19.v20170502.jar:/data/zzl/hadoop/share/hadoop/hdfs/lib/commons-lang-2.6.jar:/data/zzl/hadoop/share/hadoop/hdfs/lib/httpclient-4.5.2.jar:/data/zzl/hadoop/share/hadoop/hdfs/lib/jaxb-impl-2.2.3-1.jar:/data/zzl/hadoop/share/hadoop/hdfs/lib/jsch-0.1.54.jar:/data/zzl/hadoop/share/hadoop/hdfs/lib/jackson-mapper-asl-1.9.13.jar:/data/zzl/hadoop/share/hadoop/hdfs/lib/commons-cli-1.2.jar:/data/zzl/hadoop/share/hadoop/hdfs/lib/commons-io-2.5.jar:/data/zzl/hadoop/share/hadoop/hdfs/lib/kerb-identity-1.0.1.jar:/data/zzl/hadoop/share/hadoop/hdfs/lib/xz-1.0.jar:/data/zzl/hadoop/share/hadoop/hdfs/lib/commons-daemon-1.0.13.jar:/data/zzl/hadoop/share/hadoop/hdfs/lib/kerb-server-1.0.1.jar:/data/zzl/hadoop/share/hadoop/hdfs/lib/kerby-config-1.0.1.jar:/data/zzl/hadoop/share/hadoop/hdfs/lib/avro-1.7.7.jar:/data/zzl/hadoop/share/hadoop/hdfs/lib/commons-math3-3.1.1.jar:/data/zzl/hadoop/share/hadoop/hdfs/lib/javax.servlet-api-3.1.0.jar:/data/zzl/hadoop/share/hadoop/hdfs/lib/log4j-1.2.17.jar:/data/zzl/hadoop/share/hadoop/hdfs/lib/jackson-annotations-2.7.8.jar:/data/zzl/hadoop/share/hadoop/hdfs/lib/jetty-io-9.3.19.v20170502.jar:/data/zzl/hadoop/share/hadoop/hdfs/lib/paranamer-2.3.jar:/data/zzl/hadoop/share/hadoop/hdfs/lib/jetty-xml-9.3.19.v20170502.jar:/data/zzl/hadoop/share/hadoop/hdfs/lib/jetty-http-9.3.19.v20170502.jar:/data/zzl/hadoop/share/hadoop/hdfs/lib/jettison-1.1.jar:/data/zzl/hadoop/share/hadoop/hdfs/lib/hadoop-auth-3.1.0.jar:/data/zzl/hadoop/share/hadoop/hdfs/lib/commons-beanutils-1.9.3.jar:/data/zzl/hadoop/share/hadoop/hdfs/lib/jsr305-3.0.0.jar:/data/zzl/hadoop/share/hadoop/hdfs/lib/leveldbjni-all-1.8.jar:/data/zzl/hadoop/share/hadoop/hdfs/lib/jetty-server-9.3.19.v20170502.jar:/data/zzl/hadoop/share/hadoop/hdfs/lib/token-provider-1.0.1.jar:/data/zzl/hadoop/share/hadoop/hdfs/lib/kerb-common-1.0.1.jar:/data/zzl/hadoop/share/hadoop/hdfs/lib/commons-compress-1.4.1.jar:/data/zzl/hadoop/share/hadoop/hdfs/lib/commons-configuration2-2.1.1.jar:/data/zzl/hadoop/share/hadoop/hdfs/lib/curator-recipes-2.12.0.jar:/data/zzl/hadoop/share/hadoop/hdfs/lib/jackson-jaxrs-1.9.13.jar:/data/zzl/hadoop/share/hadoop/hdfs/lib/jetty-webapp-9.3.19.v20170502.jar:/data/zzl/hadoop/share/hadoop/hdfs/lib/jackson-xc-1.9.13.jar:/data/zzl/hadoop/share/hadoop/hdfs/lib/jackson-core-asl-1.9.13.jar:/data/zzl/hadoop/share/hadoop/hdfs/lib/curator-client-2.12.0.jar:/data/zzl/hadoop/share/hadoop/hdfs/lib/okio-1.6.0.jar:/data/zzl/hadoop/share/hadoop/hdfs/lib/curator-framework-2.12.0.jar:/data/zzl/hadoop/share/hadoop/hdfs/lib/jetty-security-9.3.19.v20170502.jar:/data/zzl/hadoop/share/hadoop/hdfs/lib/zookeeper-3.4.9.jar:/data/zzl/hadoop/share/hadoop/hdfs/lib/commons-net-3.6.jar:/data/zzl/hadoop/share/hadoop/hdfs/lib/woodstox-core-5.0.3.jar:/data/zzl/hadoop/share/hadoop/hdfs/lib/jersey-json-1.19.jar:/data/zzl/hadoop/share/hadoop/hdfs/lib/hadoop-annotations-3.1.0.jar:/data/zzl/hadoop/share/hadoop/hdfs/lib/gson-2.2.4.jar:/data/zzl/hadoop/share/hadoop/hdfs/lib/htrace-core4-4.1.0-incubating.jar:/data/zzl/hadoop/share/hadoop/hdfs/lib/snappy-java-1.0.5.jar:/data/zzl/hadoop/share/hadoop/hdfs/lib/json-smart-2.3.jar:/data/zzl/hadoop/share/hadoop/hdfs/lib/netty-3.10.5.Final.jar:/data/zzl/hadoop/share/hadoop/hdfs/lib/asm-5.0.4.jar:/data/zzl/hadoop/share/hadoop/hdfs/lib/commons-collections-3.2.2.jar:/data/zzl/hadoop/share/hadoop/hdfs/lib/jersey-core-1.19.jar:/data/zzl/hadoop/share/hadoop/hdfs/lib/okhttp-2.7.5.jar:/data/zzl/hadoop/share/hadoop/hdfs/lib/jersey-servlet-1.19.jar:/data/zzl/hadoop/share/hadoop/hdfs/lib/kerb-util-1.0.1.jar:/data/zzl/hadoop/share/hadoop/hdfs/lib/netty-all-4.0.52.Final.jar:/data/zzl/hadoop/share/hadoop/hdfs/lib/kerby-pkix-1.0.1.jar:/data/zzl/hadoop/share/hadoop/hdfs/lib/jsr311-api-1.1.1.jar:/data/zzl/hadoop/share/hadoop/hdfs/lib/nimbus-jose-jwt-4.41.1.jar:/data/zzl/hadoop/share/hadoop/hdfs/lib/kerb-client-1.0.1.jar:/data/zzl/hadoop/share/hadoop/hdfs/lib/jetty-util-ajax-9.3.19.v20170502.jar:/data/zzl/hadoop/share/hadoop/hdfs/lib/kerb-admin-1.0.1.jar:/data/zzl/hadoop/share/hadoop/hdfs/lib/commons-codec-1.11.jar:/data/zzl/hadoop/share/hadoop/hdfs/lib/re2j-1.1.jar:/data/zzl/hadoop/share/hadoop/hdfs/lib/commons-logging-1.1.3.jar:/data/zzl/hadoop/share/hadoop/hdfs/lib/kerby-xdr-1.0.1.jar:/data/zzl/hadoop/share/hadoop/hdfs/lib/jcip-annotations-1.0-1.jar:/data/zzl/hadoop/share/hadoop/hdfs/lib/jackson-databind-2.7.8.jar:/data/zzl/hadoop/share/hadoop/hdfs/lib/kerby-util-1.0.1.jar:/data/zzl/hadoop/share/hadoop/hdfs/lib/protobuf-java-2.5.0.jar:/data/zzl/hadoop/share/hadoop/hdfs/lib/jaxb-api-2.2.11.jar:/data/zzl/hadoop/share/hadoop/hdfs/lib/commons-lang3-3.4.jar:/data/zzl/hadoop/share/hadoop/hdfs/hadoop-hdfs-httpfs-3.1.0.jar:/data/zzl/hadoop/share/hadoop/hdfs/hadoop-hdfs-rbf-3.1.0-tests.jar:/data/zzl/hadoop/share/hadoop/hdfs/hadoop-hdfs-3.1.0-tests.jar:/data/zzl/hadoop/share/hadoop/hdfs/hadoop-hdfs-native-client-3.1.0-tests.jar:/data/zzl/hadoop/share/hadoop/hdfs/hadoop-hdfs-rbf-3.1.0.jar:/data/zzl/hadoop/share/hadoop/hdfs/hadoop-hdfs-client-3.1.0-tests.jar:/data/zzl/hadoop/share/hadoop/hdfs/hadoop-hdfs-native-client-3.1.0.jar:/data/zzl/hadoop/share/hadoop/hdfs/hadoop-hdfs-client-3.1.0.jar:/data/zzl/hadoop/share/hadoop/hdfs/hadoop-hdfs-nfs-3.1.0.jar:/data/zzl/hadoop/share/hadoop/hdfs/hadoop-hdfs-3.1.0.jar:/data/zzl/hadoop/share/hadoop/mapreduce/hadoop-mapreduce-client-common-3.1.0.jar:/data/zzl/hadoop/share/hadoop/mapreduce/hadoop-mapreduce-client-shuffle-3.1.0.jar:/data/zzl/hadoop/share/hadoop/mapreduce/hadoop-mapreduce-client-jobclient-3.1.0-tests.jar:/data/zzl/hadoop/share/hadoop/mapreduce/hadoop-mapreduce-client-app-3.1.0.jar:/data/zzl/hadoop/share/hadoop/mapreduce/hadoop-mapreduce-client-hs-3.1.0.jar:/data/zzl/hadoop/share/hadoop/mapreduce/hadoop-mapreduce-client-hs-plugins-3.1.0.jar:/data/zzl/hadoop/share/hadoop/mapreduce/hadoop-mapreduce-client-nativetask-3.1.0.jar:/data/zzl/hadoop/share/hadoop/mapreduce/hadoop-mapreduce-client-core-3.1.0.jar:/data/zzl/hadoop/share/hadoop/mapreduce/hadoop-mapreduce-examples-3.1.0.jar:/data/zzl/hadoop/share/hadoop/mapreduce/hadoop-mapreduce-client-jobclient-3.1.0.jar:/data/zzl/hadoop/share/hadoop/mapreduce/hadoop-mapreduce-client-uploader-3.1.0.jar:/data/zzl/hadoop/share/hadoop/yarn:/data/zzl/hadoop/share/hadoop/yarn/lib/javax.inject-1.jar:/data/zzl/hadoop/share/hadoop/yarn/lib/snakeyaml-1.16.jar:/data/zzl/hadoop/share/hadoop/yarn/lib/jackson-jaxrs-json-provider-2.7.8.jar:/data/zzl/hadoop/share/hadoop/yarn/lib/jackson-jaxrs-base-2.7.8.jar:/data/zzl/hadoop/share/hadoop/yarn/lib/guice-servlet-4.0.jar:/data/zzl/hadoop/share/hadoop/yarn/lib/swagger-annotations-1.5.4.jar:/data/zzl/hadoop/share/hadoop/yarn/lib/json-io-2.5.1.jar:/data/zzl/hadoop/share/hadoop/yarn/lib/jersey-guice-1.19.jar:/data/zzl/hadoop/share/hadoop/yarn/lib/aopalliance-1.0.jar:/data/zzl/hadoop/share/hadoop/yarn/lib/jersey-client-1.19.jar:/data/zzl/hadoop/share/hadoop/yarn/lib/mssql-jdbc-6.2.1.jre7.jar:/data/zzl/hadoop/share/hadoop/yarn/lib/geronimo-jcache_1.0_spec-1.0-alpha-1.jar:/data/zzl/hadoop/share/hadoop/yarn/lib/fst-2.50.jar:/data/zzl/hadoop/share/hadoop/yarn/lib/java-util-1.9.0.jar:/data/zzl/hadoop/share/hadoop/yarn/lib/guice-4.0.jar:/data/zzl/hadoop/share/hadoop/yarn/lib/jackson-module-jaxb-annotations-2.7.8.jar:/data/zzl/hadoop/share/hadoop/yarn/lib/HikariCP-java7-2.4.12.jar:/data/zzl/hadoop/share/hadoop/yarn/lib/metrics-core-3.2.4.jar:/data/zzl/hadoop/share/hadoop/yarn/lib/ehcache-3.3.1.jar:/data/zzl/hadoop/share/hadoop/yarn/lib/dnsjava-2.1.7.jar:/data/zzl/hadoop/share/hadoop/yarn/hadoop-yarn-server-timeline-pluginstorage-3.1.0.jar:/data/zzl/hadoop/share/hadoop/yarn/hadoop-yarn-server-common-3.1.0.jar:/data/zzl/hadoop/share/hadoop/yarn/hadoop-yarn-services-core-3.1.0.jar:/data/zzl/hadoop/share/hadoop/yarn/hadoop-yarn-applications-distributedshell-3.1.0.jar:/data/zzl/hadoop/share/hadoop/yarn/hadoop-yarn-client-3.1.0.jar:/data/zzl/hadoop/share/hadoop/yarn/hadoop-yarn-applications-unmanaged-am-launcher-3.1.0.jar:/data/zzl/hadoop/share/hadoop/yarn/hadoop-yarn-registry-3.1.0.jar:/data/zzl/hadoop/share/hadoop/yarn/hadoop-yarn-server-applicationhistoryservice-3.1.0.jar:/data/zzl/hadoop/share/hadoop/yarn/hadoop-yarn-server-router-3.1.0.jar:/data/zzl/hadoop/share/hadoop/yarn/hadoop-yarn-server-nodemanager-3.1.0.jar:/data/zzl/hadoop/share/hadoop/yarn/hadoop-yarn-server-tests-3.1.0.jar:/data/zzl/hadoop/share/hadoop/yarn/hadoop-yarn-server-sharedcachemanager-3.1.0.jar:/data/zzl/hadoop/share/hadoop/yarn/hadoop-yarn-api-3.1.0.jar:/data/zzl/hadoop/share/hadoop/yarn/hadoop-yarn-server-web-proxy-3.1.0.jar:/data/zzl/hadoop/share/hadoop/yarn/hadoop-yarn-services-api-3.1.0.jar:/data/zzl/hadoop/share/hadoop/yarn/hadoop-yarn-server-resourcemanager-3.1.0.jar:/data/zzl/hadoop/share/hadoop/yarn/hadoop-yarn-common-3.1.0.jar:/data/zzl/hadoop/etc/hadoop:
2023-11-17 14:15:36,239 INFO  org.apache.flink.client.cli.CliFrontend                      [] - --------------------------------------------------------------------------------
2023-11-17 14:15:36,250 INFO  org.apache.flink.configuration.GlobalConfiguration           [] - Loading configuration property: taskmanager.memory.process.size, 2328m
2023-11-17 14:15:36,250 INFO  org.apache.flink.configuration.GlobalConfiguration           [] - Loading configuration property: jobmanager.archive.fs.dir, s3://bigdata-service/data/zzl/flink/completed-jobs/
2023-11-17 14:15:36,251 INFO  org.apache.flink.configuration.GlobalConfiguration           [] - Loading configuration property: fs.default-scheme, s3://bigdata-service
2023-11-17 14:15:36,251 INFO  org.apache.flink.configuration.GlobalConfiguration           [] - Loading configuration property: high-availability.type, zookeeper
2023-11-17 14:15:36,251 INFO  org.apache.flink.configuration.GlobalConfiguration           [] - Loading configuration property: high-availability.cluster-id, /cluster_one
2023-11-17 14:15:36,251 INFO  org.apache.flink.configuration.GlobalConfiguration           [] - Loading configuration property: jobmanager.execution.failover-strategy, region
2023-11-17 14:15:36,251 INFO  org.apache.flink.configuration.GlobalConfiguration           [] - Loading configuration property: jobmanager.rpc.address, 192.168.16.109
2023-11-17 14:15:36,251 INFO  org.apache.flink.configuration.GlobalConfiguration           [] - Loading configuration property: taskmanager.memory.task.off-heap.size, 128m
2023-11-17 14:15:36,251 INFO  org.apache.flink.configuration.GlobalConfiguration           [] - Loading configuration property: jobmanager.memory.process.size, 1600m
2023-11-17 14:15:36,251 INFO  org.apache.flink.configuration.GlobalConfiguration           [] - Loading configuration property: state.savepoints.dir, s3://bigdata-service/data/zzl/flink/flink-savepoints
2023-11-17 14:15:36,251 INFO  org.apache.flink.configuration.GlobalConfiguration           [] - Loading configuration property: high-availability.zookeeper.path.root, /flink
2023-11-17 14:15:36,251 INFO  org.apache.flink.configuration.GlobalConfiguration           [] - Loading configuration property: s3.access-key, admin
2023-11-17 14:15:36,252 INFO  org.apache.flink.configuration.GlobalConfiguration           [] - Loading configuration property: high-availability.storageDir, s3://bigdata-service/data/zzl/flink/recovery
2023-11-17 14:15:36,252 INFO  org.apache.flink.configuration.GlobalConfiguration           [] - Loading configuration property: s3.secret-key, ******
2023-11-17 14:15:36,252 INFO  org.apache.flink.configuration.GlobalConfiguration           [] - Loading configuration property: high-availability.zookeeper.quorum, 192.168.16.109:20181
2023-11-17 14:15:36,252 INFO  org.apache.flink.configuration.GlobalConfiguration           [] - Loading configuration property: s3.endpoint, http://192.168.2.100:20020
2023-11-17 14:15:36,252 INFO  org.apache.flink.configuration.GlobalConfiguration           [] - Loading configuration property: parallelism.default, 1
2023-11-17 14:15:36,252 INFO  org.apache.flink.configuration.GlobalConfiguration           [] - Loading configuration property: taskmanager.numberOfTaskSlots, 2
2023-11-17 14:15:36,252 INFO  org.apache.flink.configuration.GlobalConfiguration           [] - Loading configuration property: rest.address, 192.168.16.109
2023-11-17 14:15:36,252 INFO  org.apache.flink.configuration.GlobalConfiguration           [] - Loading configuration property: state.backend, filesystem
2023-11-17 14:15:36,252 INFO  org.apache.flink.configuration.GlobalConfiguration           [] - Loading configuration property: state.backend.type, rocksdb
2023-11-17 14:15:36,252 INFO  org.apache.flink.configuration.GlobalConfiguration           [] - Loading configuration property: historyserver.archive.fs.dir, s3://bigdata-service/data/zzl/flink/completed-jobs/
2023-11-17 14:15:36,253 INFO  org.apache.flink.configuration.GlobalConfiguration           [] - Loading configuration property: state.checkpoints.dir, file:///data/zzl/flink/flink-checkpoints
2023-11-17 14:15:36,508 INFO  org.apache.flink.core.plugin.DefaultPluginManager            [] - Plugin loader with ID not found, creating it: metrics-statsd
2023-11-17 14:15:36,514 INFO  org.apache.flink.core.plugin.DefaultPluginManager            [] - Plugin loader with ID not found, creating it: metrics-prometheus
2023-11-17 14:15:36,514 INFO  org.apache.flink.core.plugin.DefaultPluginManager            [] - Plugin loader with ID not found, creating it: metrics-graphite
2023-11-17 14:15:36,515 INFO  org.apache.flink.core.plugin.DefaultPluginManager            [] - Plugin loader with ID not found, creating it: external-resource-gpu
2023-11-17 14:15:36,515 INFO  org.apache.flink.core.plugin.DefaultPluginManager            [] - Plugin loader with ID not found, creating it: metrics-jmx
2023-11-17 14:15:36,515 INFO  org.apache.flink.core.plugin.DefaultPluginManager            [] - Plugin loader with ID not found, creating it: metrics-influx
2023-11-17 14:15:36,515 INFO  org.apache.flink.core.plugin.DefaultPluginManager            [] - Plugin loader with ID not found, creating it: metrics-slf4j
2023-11-17 14:15:36,515 INFO  org.apache.flink.core.plugin.DefaultPluginManager            [] - Plugin loader with ID not found, creating it: metrics-datadog
2023-11-17 14:15:36,516 INFO  org.apache.flink.core.plugin.DefaultPluginManager            [] - Plugin loader with ID not found, creating it: s3
2023-11-17 14:15:36,733 INFO  org.apache.flink.runtime.security.modules.HadoopModule       [] - Hadoop user set to root (auth:SIMPLE)
2023-11-17 14:15:36,734 INFO  org.apache.flink.runtime.security.modules.HadoopModule       [] - Kerberos security is disabled.
2023-11-17 14:15:36,773 INFO  org.apache.flink.runtime.security.modules.JaasModule         [] - Jaas file will be created as /tmp/jaas-4709582270257668531.conf.
2023-11-17 14:15:36,789 INFO  org.apache.flink.client.cli.CliFrontend                      [] - Running 'run-application' command.
2023-11-17 14:15:36,807 INFO  org.apache.flink.client.deployment.application.cli.ApplicationClusterDeployer [] - Submitting application in 'Application Mode'.
2023-11-17 14:15:36,812 WARN  org.apache.flink.yarn.configuration.YarnLogConfigUtil        [] - The configuration directory ('/data/zzl/flink-1.17.1/conf') already contains a LOG4J config file.If you want to use logback, then please delete or rename the log configuration file.
2023-11-17 14:15:37,007 INFO  org.apache.hadoop.yarn.client.RMProxy                        [] - Connecting to ResourceManager at host109/192.168.16.109:50056
2023-11-17 14:15:37,578 INFO  org.apache.flink.yarn.YarnClusterDescriptor                  [] - No path for the flink jar passed. Using the location of class org.apache.flink.yarn.YarnClusterDescriptor to locate the jar
2023-11-17 14:15:37,596 INFO  org.apache.flink.runtime.util.config.memory.ProcessMemoryUtils [] - The derived from fraction jvm overhead memory (160.000mb (167772162 bytes)) is less than its min value 192.000mb (201326592 bytes), min value will be used instead
2023-11-17 14:15:37,958 INFO  org.apache.hadoop.conf.Configuration                         [] - resource-types.xml not found
2023-11-17 14:15:37,958 INFO  org.apache.hadoop.yarn.util.resource.ResourceUtils           [] - Unable to find 'resource-types.xml'.
2023-11-17 14:15:38,065 INFO  org.apache.flink.yarn.YarnClusterDescriptor                  [] - The configured JobManager memory is 1600 MB. YARN will allocate 3072 MB to make up an integer multiple of its minimum allocation memory (3072 MB, configured via 'yarn.scheduler.minimum-allocation-mb'). The extra 1472 MB may not be used by Flink.
2023-11-17 14:15:38,066 INFO  org.apache.flink.yarn.YarnClusterDescriptor                  [] - The configured TaskManager memory is 2328 MB. YARN will allocate 3072 MB to make up an integer multiple of its minimum allocation memory (3072 MB, configured via 'yarn.scheduler.minimum-allocation-mb'). The extra 744 MB may not be used by Flink.
2023-11-17 14:15:38,066 INFO  org.apache.flink.yarn.YarnClusterDescriptor                  [] - Cluster specification: ClusterSpecification{masterMemoryMB=3072, taskManagerMemoryMB=2328, slotsPerTaskManager=2}
2023-11-17 14:15:38,078 INFO  org.apache.flink.core.plugin.DefaultPluginManager            [] - Plugin loader with ID not found, creating it: metrics-statsd
2023-11-17 14:15:38,078 INFO  org.apache.flink.core.plugin.DefaultPluginManager            [] - Plugin loader with ID not found, creating it: metrics-prometheus
2023-11-17 14:15:38,078 INFO  org.apache.flink.core.plugin.DefaultPluginManager            [] - Plugin loader with ID not found, creating it: metrics-graphite
2023-11-17 14:15:38,079 INFO  org.apache.flink.core.plugin.DefaultPluginManager            [] - Plugin loader with ID not found, creating it: external-resource-gpu
2023-11-17 14:15:38,079 INFO  org.apache.flink.core.plugin.DefaultPluginManager            [] - Plugin loader with ID not found, creating it: metrics-jmx
2023-11-17 14:15:38,079 INFO  org.apache.flink.core.plugin.DefaultPluginManager            [] - Plugin loader with ID not found, creating it: metrics-influx
2023-11-17 14:15:38,079 INFO  org.apache.flink.core.plugin.DefaultPluginManager            [] - Plugin loader with ID not found, creating it: metrics-slf4j
2023-11-17 14:15:38,079 INFO  org.apache.flink.core.plugin.DefaultPluginManager            [] - Plugin loader with ID not found, creating it: metrics-datadog
2023-11-17 14:15:38,079 INFO  org.apache.flink.core.plugin.DefaultPluginManager            [] - Plugin loader with ID not found, creating it: s3
2023-11-17 14:15:40,227 INFO  org.apache.commons.beanutils.FluentPropertyBeanIntrospector  [] - Error when creating PropertyDescriptor for public final void org.apache.commons.configuration2.AbstractConfiguration.setProperty(java.lang.String,java.lang.Object)! Ignoring this property.
2023-11-17 14:15:40,318 INFO  org.apache.hadoop.metrics2.impl.MetricsConfig                [] - loaded properties from hadoop-metrics2.properties
2023-11-17 14:15:40,352 INFO  org.apache.hadoop.metrics2.impl.MetricsSystemImpl            [] - Scheduled Metric snapshot period at 10 second(s).
2023-11-17 14:15:40,352 INFO  org.apache.hadoop.metrics2.impl.MetricsSystemImpl            [] - s3a-file-system metrics system started
2023-11-17 14:15:41,856 INFO  org.apache.hadoop.conf.Configuration.deprecation             [] - fs.s3a.server-side-encryption-key is deprecated. Instead, use fs.s3a.server-side-encryption.key
2023-11-17 14:15:42,093 INFO  org.apache.flink.fs.s3.common.token.AbstractS3DelegationTokenReceiver [] - Updating Hadoop configuration
2023-11-17 14:15:42,104 INFO  org.apache.flink.fs.s3.common.token.AbstractS3DelegationTokenReceiver [] - Updated Hadoop configuration successfully
2023-11-17 14:15:44,956 INFO  org.apache.hadoop.metrics2.impl.MetricsConfig                [] - Loaded properties from hadoop-metrics2.properties
2023-11-17 14:15:45,002 WARN  org.apache.hadoop.metrics2.util.MBeans                       [] - Failed to register MBean "Hadoop:service=s3a-file-system,name=MetricsSystem,sub=Stats": Instance already exists.
2023-11-17 14:15:45,003 INFO  org.apache.hadoop.metrics2.impl.MetricsSystemImpl            [] - Scheduled Metric snapshot period at 10 second(s).
2023-11-17 14:15:45,004 INFO  org.apache.hadoop.metrics2.impl.MetricsSystemImpl            [] - s3a-file-system metrics system started
2023-11-17 14:15:45,006 WARN  org.apache.hadoop.metrics2.util.MBeans                       [] - Failed to register MBean "Hadoop:service=s3a-file-system,name=MetricsSystem,sub=Control": Instance already exists.
2023-11-17 14:15:45,010 WARN  org.apache.hadoop.metrics2.util.MBeans                       [] - Failed to register MBean "Hadoop:service=s3a-file-system,name=S3AMetrics1-hadoop": Instance already exists.
2023-11-17 14:15:46,323 ERROR com.amazonaws.services.s3.model.transform.XmlResponsesSaxParser [] - S3 response indicates truncated results, but contains no object summaries.
2023-11-17 14:15:48,213 INFO  org.apache.flink.fs.s3.common.token.AbstractS3DelegationTokenReceiver [] - Updating Hadoop configuration
2023-11-17 14:15:48,213 INFO  org.apache.flink.fs.s3.common.token.AbstractS3DelegationTokenReceiver [] - Updated Hadoop configuration successfully
2023-11-17 14:15:48,361 ERROR org.apache.flink.client.cli.CliFrontend                      [] - Error while running the command.
org.apache.flink.client.deployment.ClusterDeploymentException: Couldn't deploy Yarn Application Cluster
        at org.apache.flink.yarn.YarnClusterDescriptor.deployApplicationCluster(YarnClusterDescriptor.java:481) ~[flink-dist-1.17.1.jar:1.17.1]
        at org.apache.flink.client.deployment.application.cli.ApplicationClusterDeployer.run(ApplicationClusterDeployer.java:67) ~[flink-dist-1.17.1.jar:1.17.1]
        at org.apache.flink.client.cli.CliFrontend.runApplication(CliFrontend.java:212) ~[flink-dist-1.17.1.jar:1.17.1]
        at org.apache.flink.client.cli.CliFrontend.parseAndRun(CliFrontend.java:1098) ~[flink-dist-1.17.1.jar:1.17.1]
        at org.apache.flink.client.cli.CliFrontend.lambda$mainInternal$9(CliFrontend.java:1189) ~[flink-dist-1.17.1.jar:1.17.1]
        at java.security.AccessController.doPrivileged(Native Method) ~[?:1.8.0_371]
        at javax.security.auth.Subject.doAs(Subject.java:422) [?:1.8.0_371]
        at org.apache.hadoop.security.UserGroupInformation.doAs(UserGroupInformation.java:1682) [hadoop-common-3.1.0.jar:?]
        at org.apache.flink.runtime.security.contexts.HadoopSecurityContext.runSecured(HadoopSecurityContext.java:41) [flink-dist-1.17.1.jar:1.17.1]
        at org.apache.flink.client.cli.CliFrontend.mainInternal(CliFrontend.java:1189) [flink-dist-1.17.1.jar:1.17.1]
        at org.apache.flink.client.cli.CliFrontend.main(CliFrontend.java:1157) [flink-dist-1.17.1.jar:1.17.1]
Caused by: java.io.FileNotFoundException: No such file or directory: s3a://hadoop/tmp/application_1698746019104_0022-flink-conf.yaml1782506602308533990.tmp
        at org.apache.hadoop.fs.s3a.S3AFileSystem.s3GetFileStatus(S3AFileSystem.java:2255) ~[hadoop-aws-3.1.0.jar:?]
        at org.apache.hadoop.fs.s3a.S3AFileSystem.innerGetFileStatus(S3AFileSystem.java:2149) ~[hadoop-aws-3.1.0.jar:?]
        at org.apache.hadoop.fs.s3a.S3AFileSystem.getFileStatus(S3AFileSystem.java:2088) ~[hadoop-aws-3.1.0.jar:?]
        at org.apache.flink.yarn.YarnApplicationFileUploader.registerSingleLocalResource(YarnApplicationFileUploader.java:168) ~[flink-dist-1.17.1.jar:1.17.1]
        at org.apache.flink.yarn.YarnClusterDescriptor.startAppMaster(YarnClusterDescriptor.java:1050) ~[flink-dist-1.17.1.jar:1.17.1]
        at org.apache.flink.yarn.YarnClusterDescriptor.deployInternal(YarnClusterDescriptor.java:626) ~[flink-dist-1.17.1.jar:1.17.1]
        at org.apache.flink.yarn.YarnClusterDescriptor.deployApplicationCluster(YarnClusterDescriptor.java:474) ~[flink-dist-1.17.1.jar:1.17.1]
        ... 10 more
2023-11-17 14:15:48,531 INFO  org.apache.hadoop.metrics2.impl.MetricsSystemImpl            [] - Stopping s3a-file-system metrics system...
2023-11-17 14:15:48,533 INFO  org.apache.hadoop.metrics2.impl.MetricsSystemImpl            [] - s3a-file-system metrics system stopped.
2023-11-17 14:15:48,533 INFO  org.apache.hadoop.metrics2.impl.MetricsSystemImpl            [] - s3a-file-system metrics system shutdown complete.